  XInput.cpp
c:\users\student\onedrive\ドキュメント\visual studio 2015\projects\2dgame c++ 001\lonliness defense\プロジェクト一式\main.h(22): fatal error C1083: include ファイルを開けません。'd3dx9.h':No such file or directory
  Tutorial.cpp
c:\users\student\onedrive\ドキュメント\visual studio 2015\projects\2dgame c++ 001\lonliness defense\プロジェクト一式\main.h(22): fatal error C1083: include ファイルを開けません。'd3dx9.h':No such file or directory
  title.cpp
c:\users\student\onedrive\ドキュメント\visual studio 2015\projects\2dgame c++ 001\lonliness defense\プロジェクト一式\main.h(22): fatal error C1083: include ファイルを開けません。'd3dx9.h':No such file or directory
  time.cpp
c:\users\student\onedrive\ドキュメント\visual studio 2015\projects\2dgame c++ 001\lonliness defense\プロジェクト一式\main.h(22): fatal error C1083: include ファイルを開けません。'd3dx9.h':No such file or directory
  texture.cpp
c:\users\student\onedrive\ドキュメント\visual studio 2015\projects\2dgame c++ 001\lonliness defense\プロジェクト一式\main.h(22): fatal error C1083: include ファイルを開けません。'd3dx9.h':No such file or directory
  target.cpp
c:\users\student\onedrive\ドキュメント\visual studio 2015\projects\2dgame c++ 001\lonliness defense\プロジェクト一式\main.h(22): fatal error C1083: include ファイルを開けません。'd3dx9.h':No such file or directory
  score.cpp
c:\users\student\onedrive\ドキュメント\visual studio 2015\projects\2dgame c++ 001\lonliness defense\プロジェクト一式\main.h(22): fatal error C1083: include ファイルを開けません。'd3dx9.h':No such file or directory
  scene2D.cpp
c:\users\student\onedrive\ドキュメント\visual studio 2015\projects\2dgame c++ 001\lonliness defense\プロジェクト一式\main.h(22): fatal error C1083: include ファイルを開けません。'd3dx9.h':No such file or directory
  scene.cpp
c:\users\student\onedrive\ドキュメント\visual studio 2015\projects\2dgame c++ 001\lonliness defense\プロジェクト一式\main.h(22): fatal error C1083: include ファイルを開けません。'd3dx9.h':No such file or directory
  result.cpp
c:\users\student\onedrive\ドキュメント\visual studio 2015\projects\2dgame c++ 001\lonliness defense\プロジェクト一式\main.h(22): fatal error C1083: include ファイルを開けません。'd3dx9.h':No such file or directory
  renderer.cpp
c:\users\student\onedrive\ドキュメント\visual studio 2015\projects\2dgame c++ 001\lonliness defense\プロジェクト一式\main.h(22): fatal error C1083: include ファイルを開けません。'd3dx9.h':No such file or directory
  ranking.cpp
c:\users\student\onedrive\ドキュメント\visual studio 2015\projects\2dgame c++ 001\lonliness defense\プロジェクト一式\main.h(22): fatal error C1083: include ファイルを開けません。'd3dx9.h':No such file or directory
  polygon.cpp
c:\users\student\onedrive\ドキュメント\visual studio 2015\projects\2dgame c++ 001\lonliness defense\プロジェクト一式\main.h(22): fatal error C1083: include ファイルを開けません。'd3dx9.h':No such file or directory
  play_data.cpp
c:\users\student\onedrive\ドキュメント\visual studio 2015\projects\2dgame c++ 001\lonliness defense\プロジェクト一式\main.h(22): fatal error C1083: include ファイルを開けません。'd3dx9.h':No such file or directory
  player.cpp
c:\users\student\onedrive\ドキュメント\visual studio 2015\projects\2dgame c++ 001\lonliness defense\プロジェクト一式\main.h(22): fatal error C1083: include ファイルを開けません。'd3dx9.h':No such file or directory
  pause.cpp
c:\users\student\onedrive\ドキュメント\visual studio 2015\projects\2dgame c++ 001\lonliness defense\プロジェクト一式\main.h(22): fatal error C1083: include ファイルを開けません。'd3dx9.h':No such file or directory
  number.cpp
c:\users\student\onedrive\ドキュメント\visual studio 2015\projects\2dgame c++ 001\lonliness defense\プロジェクト一式\main.h(22): fatal error C1083: include ファイルを開けません。'd3dx9.h':No such file or directory
  mouse.cpp
c:\users\student\onedrive\ドキュメント\visual studio 2015\projects\2dgame c++ 001\lonliness defense\プロジェクト一式\main.h(22): fatal error C1083: include ファイルを開けません。'd3dx9.h':No such file or directory
  MiniPolygon.cpp
c:\users\student\onedrive\ドキュメント\visual studio 2015\projects\2dgame c++ 001\lonliness defense\プロジェクト一式\main.h(22): fatal error C1083: include ファイルを開けません。'd3dx9.h':No such file or directory
  manager.cpp
c:\users\student\onedrive\ドキュメント\visual studio 2015\projects\2dgame c++ 001\lonliness defense\プロジェクト一式\main.h(22): fatal error C1083: include ファイルを開けません。'd3dx9.h':No such file or directory
  コードを生成中...
  コンパイル中...
  main.cpp
c:\users\student\onedrive\ドキュメント\visual studio 2015\projects\2dgame c++ 001\lonliness defense\プロジェクト一式\main.h(22): fatal error C1083: include ファイルを開けません。'd3dx9.h':No such file or directory
  keyboard.cpp
c:\users\student\onedrive\ドキュメント\visual studio 2015\projects\2dgame c++ 001\lonliness defense\プロジェクト一式\main.h(22): fatal error C1083: include ファイルを開けません。'd3dx9.h':No such file or directory
  input.cpp
c:\users\student\onedrive\ドキュメント\visual studio 2015\projects\2dgame c++ 001\lonliness defense\プロジェクト一式\main.h(22): fatal error C1083: include ファイルを開けません。'd3dx9.h':No such file or directory
  gauge.cpp
c:\users\student\onedrive\ドキュメント\visual studio 2015\projects\2dgame c++ 001\lonliness defense\プロジェクト一式\main.h(22): fatal error C1083: include ファイルを開けません。'd3dx9.h':No such file or directory
  game.cpp
c:\users\student\onedrive\ドキュメント\visual studio 2015\projects\2dgame c++ 001\lonliness defense\プロジェクト一式\main.h(22): fatal error C1083: include ファイルを開けません。'd3dx9.h':No such file or directory
  fade.cpp
c:\users\student\onedrive\ドキュメント\visual studio 2015\projects\2dgame c++ 001\lonliness defense\プロジェクト一式\main.h(22): fatal error C1083: include ファイルを開けません。'd3dx9.h':No such file or directory
  enemy.cpp
c:\users\student\onedrive\ドキュメント\visual studio 2015\projects\2dgame c++ 001\lonliness defense\プロジェクト一式\main.h(22): fatal error C1083: include ファイルを開けません。'd3dx9.h':No such file or directory
  effect.cpp
c:\users\student\onedrive\ドキュメント\visual studio 2015\projects\2dgame c++ 001\lonliness defense\プロジェクト一式\main.h(22): fatal error C1083: include ファイルを開けません。'd3dx9.h':No such file or directory
  collision.cpp
c:\users\student\onedrive\ドキュメント\visual studio 2015\projects\2dgame c++ 001\lonliness defense\プロジェクト一式\main.h(22): fatal error C1083: include ファイルを開けません。'd3dx9.h':No such file or directory
  bullet.cpp
c:\users\student\onedrive\ドキュメント\visual studio 2015\projects\2dgame c++ 001\lonliness defense\プロジェクト一式\main.h(22): fatal error C1083: include ファイルを開けません。'd3dx9.h':No such file or directory
  bg.cpp
c:\users\student\onedrive\ドキュメント\visual studio 2015\projects\2dgame c++ 001\lonliness defense\プロジェクト一式\main.h(22): fatal error C1083: include ファイルを開けません。'd3dx9.h':No such file or directory
  コードを生成中...
