c:\users\student\onedrive\ドキュメント\visual studio 2015\projects\2dgame c++ 001\release\vc140.pdb
c:\users\student\onedrive\ドキュメント\visual studio 2015\projects\2dgame c++ 001\release\ranking.obj
c:\users\student\onedrive\ドキュメント\visual studio 2015\projects\2dgame c++ 001\release\polygon.obj
c:\users\student\onedrive\ドキュメント\visual studio 2015\projects\2dgame c++ 001\release\play_data.obj
c:\users\student\onedrive\ドキュメント\visual studio 2015\projects\2dgame c++ 001\release\player.obj
c:\users\student\onedrive\ドキュメント\visual studio 2015\projects\2dgame c++ 001\release\pause.obj
c:\users\student\onedrive\ドキュメント\visual studio 2015\projects\2dgame c++ 001\release\number.obj
c:\users\student\onedrive\ドキュメント\visual studio 2015\projects\2dgame c++ 001\release\mouse.obj
c:\users\student\onedrive\ドキュメント\visual studio 2015\projects\2dgame c++ 001\release\minipolygon.obj
c:\users\student\onedrive\ドキュメント\visual studio 2015\projects\2dgame c++ 001\release\manager.obj
c:\users\student\onedrive\ドキュメント\visual studio 2015\projects\2dgame c++ 001\release\main.obj
c:\users\student\onedrive\ドキュメント\visual studio 2015\projects\2dgame c++ 001\release\keyboard.obj
c:\users\student\onedrive\ドキュメント\visual studio 2015\projects\2dgame c++ 001\release\input.obj
c:\users\student\onedrive\ドキュメント\visual studio 2015\projects\2dgame c++ 001\release\gauge.obj
c:\users\student\onedrive\ドキュメント\visual studio 2015\projects\2dgame c++ 001\release\game.obj
c:\users\student\onedrive\ドキュメント\visual studio 2015\projects\2dgame c++ 001\release\fade.obj
c:\users\student\onedrive\ドキュメント\visual studio 2015\projects\2dgame c++ 001\release\enemy.obj
c:\users\student\onedrive\ドキュメント\visual studio 2015\projects\2dgame c++ 001\release\effect.obj
c:\users\student\onedrive\ドキュメント\visual studio 2015\projects\2dgame c++ 001\release\collision.obj
c:\users\student\onedrive\ドキュメント\visual studio 2015\projects\2dgame c++ 001\release\bullet.obj
c:\users\student\onedrive\ドキュメント\visual studio 2015\projects\2dgame c++ 001\release\bg.obj
c:\users\student\onedrive\ドキュメント\visual studio 2015\projects\2dgame c++ 001\release\xinput.obj
c:\users\student\onedrive\ドキュメント\visual studio 2015\projects\2dgame c++ 001\release\tutorial.obj
c:\users\student\onedrive\ドキュメント\visual studio 2015\projects\2dgame c++ 001\release\title.obj
c:\users\student\onedrive\ドキュメント\visual studio 2015\projects\2dgame c++ 001\release\time.obj
c:\users\student\onedrive\ドキュメント\visual studio 2015\projects\2dgame c++ 001\release\texture.obj
c:\users\student\onedrive\ドキュメント\visual studio 2015\projects\2dgame c++ 001\release\target.obj
c:\users\student\onedrive\ドキュメント\visual studio 2015\projects\2dgame c++ 001\release\score.obj
c:\users\student\onedrive\ドキュメント\visual studio 2015\projects\2dgame c++ 001\release\scene2d.obj
c:\users\student\onedrive\ドキュメント\visual studio 2015\projects\2dgame c++ 001\release\scene.obj
c:\users\student\onedrive\ドキュメント\visual studio 2015\projects\2dgame c++ 001\release\result.obj
c:\users\student\onedrive\ドキュメント\visual studio 2015\projects\2dgame c++ 001\release\renderer.obj
c:\users\student\onedrive\ドキュメント\visual studio 2015\projects\2dgame c++ 001\release\minigame001.exe
c:\users\student\onedrive\ドキュメント\visual studio 2015\projects\2dgame c++ 001\release\minigame001.ipdb
c:\users\student\onedrive\ドキュメント\visual studio 2015\projects\2dgame c++ 001\release\minigame001.iobj
c:\users\student\onedrive\ドキュメント\visual studio 2015\projects\2dgame c++ 001\release\minigame001.pdb
c:\users\student\onedrive\ドキュメント\visual studio 2015\projects\2dgame c++ 001\release\minigame001.tlog\cl.command.1.tlog
c:\users\student\onedrive\ドキュメント\visual studio 2015\projects\2dgame c++ 001\release\minigame001.tlog\cl.read.1.tlog
c:\users\student\onedrive\ドキュメント\visual studio 2015\projects\2dgame c++ 001\release\minigame001.tlog\cl.write.1.tlog
c:\users\student\onedrive\ドキュメント\visual studio 2015\projects\2dgame c++ 001\release\minigame001.tlog\link.command.1.tlog
c:\users\student\onedrive\ドキュメント\visual studio 2015\projects\2dgame c++ 001\release\minigame001.tlog\link.read.1.tlog
c:\users\student\onedrive\ドキュメント\visual studio 2015\projects\2dgame c++ 001\release\minigame001.tlog\link.write.1.tlog
